C:\REPO\Digital-Signage-2.0\WebApplication1\PirelliCMS\CMS_App\dist\out-tsc\e2e\src\app.po.js
C:\REPO\Digital-Signage-2.0\WebApplication1\PirelliCMS\CMS_App\dist\out-tsc\e2e\src\app.po.js.map
C:\REPO\Digital-Signage-2.0\WebApplication1\PirelliCMS\CMS_App\dist\out-tsc\e2e\src\app.e2e-spec.js
C:\REPO\Digital-Signage-2.0\WebApplication1\PirelliCMS\CMS_App\dist\out-tsc\e2e\src\app.e2e-spec.js.map
C:\REPO\Digital-Signage-2.0\WebApplication1\PirelliCMS\CMS_App\dist\out-tsc\src\app\app.component.js
C:\REPO\Digital-Signage-2.0\WebApplication1\PirelliCMS\CMS_App\dist\out-tsc\src\app\app.component.js.map
C:\REPO\Digital-Signage-2.0\WebApplication1\PirelliCMS\CMS_App\dist\out-tsc\src\app\component\dashboard-element\dashboard-element.component.js
C:\REPO\Digital-Signage-2.0\WebApplication1\PirelliCMS\CMS_App\dist\out-tsc\src\app\component\dashboard-element\dashboard-element.component.js.map
C:\REPO\Digital-Signage-2.0\WebApplication1\PirelliCMS\CMS_App\dist\out-tsc\src\app\Model\media.js
C:\REPO\Digital-Signage-2.0\WebApplication1\PirelliCMS\CMS_App\dist\out-tsc\src\app\Model\media.js.map
C:\REPO\Digital-Signage-2.0\WebApplication1\PirelliCMS\CMS_App\dist\out-tsc\src\app\services\UploadService\uploadservice.service.js
C:\REPO\Digital-Signage-2.0\WebApplication1\PirelliCMS\CMS_App\dist\out-tsc\src\app\services\UploadService\uploadservice.service.js.map
C:\REPO\Digital-Signage-2.0\WebApplication1\PirelliCMS\CMS_App\dist\out-tsc\src\app\Model\listMedia.js
C:\REPO\Digital-Signage-2.0\WebApplication1\PirelliCMS\CMS_App\dist\out-tsc\src\app\Model\listMedia.js.map
C:\REPO\Digital-Signage-2.0\WebApplication1\PirelliCMS\CMS_App\dist\out-tsc\src\app\services\getListService\get-list.service.js
C:\REPO\Digital-Signage-2.0\WebApplication1\PirelliCMS\CMS_App\dist\out-tsc\src\app\services\getListService\get-list.service.js.map
C:\REPO\Digital-Signage-2.0\WebApplication1\PirelliCMS\CMS_App\dist\out-tsc\src\app\component\upload\upload.component.js
C:\REPO\Digital-Signage-2.0\WebApplication1\PirelliCMS\CMS_App\dist\out-tsc\src\app\component\upload\upload.component.js.map
C:\REPO\Digital-Signage-2.0\WebApplication1\PirelliCMS\CMS_App\dist\out-tsc\src\app\component\home\home.component.js
C:\REPO\Digital-Signage-2.0\WebApplication1\PirelliCMS\CMS_App\dist\out-tsc\src\app\component\home\home.component.js.map
C:\REPO\Digital-Signage-2.0\WebApplication1\PirelliCMS\CMS_App\dist\out-tsc\src\app\component\category\category.component.js
C:\REPO\Digital-Signage-2.0\WebApplication1\PirelliCMS\CMS_App\dist\out-tsc\src\app\component\category\category.component.js.map
C:\REPO\Digital-Signage-2.0\WebApplication1\PirelliCMS\CMS_App\dist\out-tsc\src\app\router-module.js
C:\REPO\Digital-Signage-2.0\WebApplication1\PirelliCMS\CMS_App\dist\out-tsc\src\app\router-module.js.map
C:\REPO\Digital-Signage-2.0\WebApplication1\PirelliCMS\CMS_App\dist\out-tsc\src\app\app.module.js
C:\REPO\Digital-Signage-2.0\WebApplication1\PirelliCMS\CMS_App\dist\out-tsc\src\app\app.module.js.map
C:\REPO\Digital-Signage-2.0\WebApplication1\PirelliCMS\CMS_App\dist\out-tsc\src\environments\environment.js
C:\REPO\Digital-Signage-2.0\WebApplication1\PirelliCMS\CMS_App\dist\out-tsc\src\environments\environment.js.map
C:\REPO\Digital-Signage-2.0\WebApplication1\PirelliCMS\CMS_App\dist\out-tsc\src\main.js
C:\REPO\Digital-Signage-2.0\WebApplication1\PirelliCMS\CMS_App\dist\out-tsc\src\main.js.map
C:\REPO\Digital-Signage-2.0\WebApplication1\PirelliCMS\CMS_App\dist\out-tsc\src\polyfills.js
C:\REPO\Digital-Signage-2.0\WebApplication1\PirelliCMS\CMS_App\dist\out-tsc\src\polyfills.js.map
C:\REPO\Digital-Signage-2.0\WebApplication1\PirelliCMS\CMS_App\dist\out-tsc\src\test.js
C:\REPO\Digital-Signage-2.0\WebApplication1\PirelliCMS\CMS_App\dist\out-tsc\src\test.js.map
C:\REPO\Digital-Signage-2.0\WebApplication1\PirelliCMS\CMS_App\dist\out-tsc\src\app\app.component.spec.js
C:\REPO\Digital-Signage-2.0\WebApplication1\PirelliCMS\CMS_App\dist\out-tsc\src\app\app.component.spec.js.map
C:\REPO\Digital-Signage-2.0\WebApplication1\PirelliCMS\CMS_App\dist\out-tsc\src\app\component\category\category.component.spec.js
C:\REPO\Digital-Signage-2.0\WebApplication1\PirelliCMS\CMS_App\dist\out-tsc\src\app\component\category\category.component.spec.js.map
C:\REPO\Digital-Signage-2.0\WebApplication1\PirelliCMS\CMS_App\dist\out-tsc\src\app\component\dashboard-element\dashboard-element.component.spec.js
C:\REPO\Digital-Signage-2.0\WebApplication1\PirelliCMS\CMS_App\dist\out-tsc\src\app\component\dashboard-element\dashboard-element.component.spec.js.map
C:\REPO\Digital-Signage-2.0\WebApplication1\PirelliCMS\CMS_App\dist\out-tsc\src\app\component\home\home.component.spec.js
C:\REPO\Digital-Signage-2.0\WebApplication1\PirelliCMS\CMS_App\dist\out-tsc\src\app\component\home\home.component.spec.js.map
C:\REPO\Digital-Signage-2.0\WebApplication1\PirelliCMS\CMS_App\dist\out-tsc\src\app\component\upload\upload.component.spec.js
C:\REPO\Digital-Signage-2.0\WebApplication1\PirelliCMS\CMS_App\dist\out-tsc\src\app\component\upload\upload.component.spec.js.map
C:\REPO\Digital-Signage-2.0\WebApplication1\PirelliCMS\CMS_App\dist\out-tsc\src\app\services\UploadService\uploadservice.service.spec.js
C:\REPO\Digital-Signage-2.0\WebApplication1\PirelliCMS\CMS_App\dist\out-tsc\src\app\services\UploadService\uploadservice.service.spec.js.map
C:\REPO\Digital-Signage-2.0\WebApplication1\PirelliCMS\CMS_App\dist\out-tsc\src\app\services\getListService\get-list.service.spec.js
C:\REPO\Digital-Signage-2.0\WebApplication1\PirelliCMS\CMS_App\dist\out-tsc\src\app\services\getListService\get-list.service.spec.js.map
C:\REPO\Digital-Signage-2.0\WebApplication1\PirelliCMS\CMS_App\dist\out-tsc\src\environments\environment.prod.js
C:\REPO\Digital-Signage-2.0\WebApplication1\PirelliCMS\CMS_App\dist\out-tsc\src\environments\environment.prod.js.map
